[0.968s] Invoking command in '/home/sierra-95/Documents/motor_control/Serial/Motion_V2/ros_ws/build/agv_control': PYTHONPATH=/home/sierra-95/Documents/motor_control/Serial/Motion_V2/ros_ws/build/agv_control/prefix_override:/usr/lib/python3/dist-packages/colcon_core/task/python/colcon_distutils_commands:/home/sierra-95/Documents/motor_control/Serial/Motion_V2/ros_ws/install/agv_control/lib/python3.10/site-packages:${PYTHONPATH} /usr/bin/python3 -W ignore:setup.py install is deprecated -W ignore:easy_install command is deprecated setup.py develop --editable --build-directory /home/sierra-95/Documents/motor_control/Serial/Motion_V2/ros_ws/build/agv_control/build --no-deps symlink_data --force
[1.354s] running develop
[1.578s] running egg_info
[1.578s] writing agv_control.egg-info/PKG-INFO
[1.578s] writing dependency_links to agv_control.egg-info/dependency_links.txt
[1.579s] writing entry points to agv_control.egg-info/entry_points.txt
[1.579s] writing requirements to agv_control.egg-info/requires.txt
[1.579s] writing top-level names to agv_control.egg-info/top_level.txt
[1.581s] reading manifest file 'agv_control.egg-info/SOURCES.txt'
[1.582s] writing manifest file 'agv_control.egg-info/SOURCES.txt'
[1.584s] running build_ext
[1.584s] Creating /home/sierra-95/Documents/motor_control/Serial/Motion_V2/ros_ws/install/agv_control/lib/python3.10/site-packages/agv-control.egg-link (link to .)
[1.585s] Installing keyboard_teleop script to /home/sierra-95/Documents/motor_control/Serial/Motion_V2/ros_ws/install/agv_control/lib/agv_control
[1.585s] Installing serial_node script to /home/sierra-95/Documents/motor_control/Serial/Motion_V2/ros_ws/install/agv_control/lib/agv_control
[1.586s] 
[1.586s] Installed /home/sierra-95/Documents/motor_control/Serial/Motion_V2/ros_ws/build/agv_control
[1.586s] running symlink_data
[1.586s] symbolically linking /home/sierra-95/Documents/motor_control/Serial/Motion_V2/ros_ws/build/agv_control/resource/agv_control -> /home/sierra-95/Documents/motor_control/Serial/Motion_V2/ros_ws/install/agv_control/share/ament_index/resource_index/packages
[1.586s] symbolically linking /home/sierra-95/Documents/motor_control/Serial/Motion_V2/ros_ws/build/agv_control/package.xml -> /home/sierra-95/Documents/motor_control/Serial/Motion_V2/ros_ws/install/agv_control/share/agv_control
[1.637s] Invoked command in '/home/sierra-95/Documents/motor_control/Serial/Motion_V2/ros_ws/build/agv_control' returned '0': PYTHONPATH=/home/sierra-95/Documents/motor_control/Serial/Motion_V2/ros_ws/build/agv_control/prefix_override:/usr/lib/python3/dist-packages/colcon_core/task/python/colcon_distutils_commands:/home/sierra-95/Documents/motor_control/Serial/Motion_V2/ros_ws/install/agv_control/lib/python3.10/site-packages:${PYTHONPATH} /usr/bin/python3 -W ignore:setup.py install is deprecated -W ignore:easy_install command is deprecated setup.py develop --editable --build-directory /home/sierra-95/Documents/motor_control/Serial/Motion_V2/ros_ws/build/agv_control/build --no-deps symlink_data --force
