[0.149s] DEBUG:colcon:Command line arguments: ['/usr/bin/colcon', 'build']
[0.149s] DEBUG:colcon:Parsed command line arguments: Namespace(log_base=None, log_level=None, verb_name='build', build_base='build', install_base='install', merge_install=False, symlink_install=False, test_result_base=None, continue_on_error=False, executor='parallel', parallel_workers=4, event_handlers=None, ignore_user_meta=False, metas=['./colcon.meta'], base_paths=['.'], packages_ignore=None, packages_ignore_regex=None, paths=None, packages_up_to=None, packages_up_to_regex=None, packages_above=None, packages_above_and_dependencies=None, packages_above_depth=None, packages_select_by_dep=None, packages_skip_by_dep=None, packages_skip_up_to=None, packages_select_build_failed=False, packages_skip_build_finished=False, packages_select_test_failures=False, packages_skip_test_passed=False, packages_select=None, packages_skip=None, packages_select_regex=None, packages_skip_regex=None, packages_start=None, packages_end=None, allow_overriding=[], cmake_args=None, cmake_target=None, cmake_target_skip_unavailable=False, cmake_clean_cache=False, cmake_clean_first=False, cmake_force_configure=False, ament_cmake_args=None, catkin_cmake_args=None, catkin_skip_building_tests=False, verb_parser=<colcon_defaults.argument_parser.defaults.DefaultArgumentsDecorator object at 0x7e2291410400>, verb_extension=<colcon_core.verb.build.BuildVerb object at 0x7e22913dbeb0>, main=<bound method BuildVerb.main of <colcon_core.verb.build.BuildVerb object at 0x7e22913dbeb0>>)
[0.358s] Level 1:colcon.colcon_core.package_discovery:discover_packages(colcon_meta) check parameters
[0.358s] Level 1:colcon.colcon_core.package_discovery:discover_packages(recursive) check parameters
[0.358s] Level 1:colcon.colcon_core.package_discovery:discover_packages(ignore) check parameters
[0.358s] Level 1:colcon.colcon_core.package_discovery:discover_packages(path) check parameters
[0.359s] Level 1:colcon.colcon_core.package_discovery:discover_packages(colcon_meta) discover
[0.359s] Level 1:colcon.colcon_core.package_discovery:discover_packages(recursive) discover
[0.359s] INFO:colcon.colcon_core.package_discovery:Crawling recursively for packages in '/home/sierra-95/Documents/motor_control/ros_ws'
[0.359s] Level 1:colcon.colcon_core.package_identification:_identify(.) by extensions ['ignore', 'ignore_ament_install']
[0.359s] Level 1:colcon.colcon_core.package_identification:_identify(.) by extension 'ignore'
[0.359s] Level 1:colcon.colcon_core.package_identification:_identify(.) by extension 'ignore_ament_install'
[0.359s] Level 1:colcon.colcon_core.package_identification:_identify(.) by extensions ['colcon_pkg']
[0.359s] Level 1:colcon.colcon_core.package_identification:_identify(.) by extension 'colcon_pkg'
[0.359s] Level 1:colcon.colcon_core.package_identification:_identify(.) by extensions ['colcon_meta']
[0.359s] Level 1:colcon.colcon_core.package_identification:_identify(.) by extension 'colcon_meta'
[0.359s] Level 1:colcon.colcon_core.package_identification:_identify(.) by extensions ['ros']
[0.360s] Level 1:colcon.colcon_core.package_identification:_identify(.) by extension 'ros'
[0.377s] Level 1:colcon.colcon_core.package_identification:_identify(.) by extensions ['cmake', 'python']
[0.377s] Level 1:colcon.colcon_core.package_identification:_identify(.) by extension 'cmake'
[0.377s] Level 1:colcon.colcon_core.package_identification:_identify(.) by extension 'python'
[0.377s] Level 1:colcon.colcon_core.package_identification:_identify(.) by extensions ['python_setup_py']
[0.377s] Level 1:colcon.colcon_core.package_identification:_identify(.) by extension 'python_setup_py'
[0.377s] Level 1:colcon.colcon_core.package_identification:_identify(build) by extensions ['ignore', 'ignore_ament_install']
[0.377s] Level 1:colcon.colcon_core.package_identification:_identify(build) by extension 'ignore'
[0.377s] Level 1:colcon.colcon_core.package_identification:_identify(build) ignored
[0.378s] Level 1:colcon.colcon_core.package_identification:_identify(install) by extensions ['ignore', 'ignore_ament_install']
[0.378s] Level 1:colcon.colcon_core.package_identification:_identify(install) by extension 'ignore'
[0.378s] Level 1:colcon.colcon_core.package_identification:_identify(install) ignored
[0.378s] Level 1:colcon.colcon_core.package_identification:_identify(log) by extensions ['ignore', 'ignore_ament_install']
[0.378s] Level 1:colcon.colcon_core.package_identification:_identify(log) by extension 'ignore'
[0.378s] Level 1:colcon.colcon_core.package_identification:_identify(log) ignored
[0.378s] Level 1:colcon.colcon_core.package_identification:_identify(src) by extensions ['ignore', 'ignore_ament_install']
[0.378s] Level 1:colcon.colcon_core.package_identification:_identify(src) by extension 'ignore'
[0.378s] Level 1:colcon.colcon_core.package_identification:_identify(src) by extension 'ignore_ament_install'
[0.379s] Level 1:colcon.colcon_core.package_identification:_identify(src) by extensions ['colcon_pkg']
[0.379s] Level 1:colcon.colcon_core.package_identification:_identify(src) by extension 'colcon_pkg'
[0.379s] Level 1:colcon.colcon_core.package_identification:_identify(src) by extensions ['colcon_meta']
[0.379s] Level 1:colcon.colcon_core.package_identification:_identify(src) by extension 'colcon_meta'
[0.379s] Level 1:colcon.colcon_core.package_identification:_identify(src) by extensions ['ros']
[0.379s] Level 1:colcon.colcon_core.package_identification:_identify(src) by extension 'ros'
[0.379s] Level 1:colcon.colcon_core.package_identification:_identify(src) by extensions ['cmake', 'python']
[0.379s] Level 1:colcon.colcon_core.package_identification:_identify(src) by extension 'cmake'
[0.379s] Level 1:colcon.colcon_core.package_identification:_identify(src) by extension 'python'
[0.379s] Level 1:colcon.colcon_core.package_identification:_identify(src) by extensions ['python_setup_py']
[0.379s] Level 1:colcon.colcon_core.package_identification:_identify(src) by extension 'python_setup_py'
[0.380s] Level 1:colcon.colcon_core.package_identification:_identify(src/teleop_serial) by extensions ['ignore', 'ignore_ament_install']
[0.380s] Level 1:colcon.colcon_core.package_identification:_identify(src/teleop_serial) by extension 'ignore'
[0.380s] Level 1:colcon.colcon_core.package_identification:_identify(src/teleop_serial) by extension 'ignore_ament_install'
[0.380s] Level 1:colcon.colcon_core.package_identification:_identify(src/teleop_serial) by extensions ['colcon_pkg']
[0.380s] Level 1:colcon.colcon_core.package_identification:_identify(src/teleop_serial) by extension 'colcon_pkg'
[0.380s] Level 1:colcon.colcon_core.package_identification:_identify(src/teleop_serial) by extensions ['colcon_meta']
[0.380s] Level 1:colcon.colcon_core.package_identification:_identify(src/teleop_serial) by extension 'colcon_meta'
[0.380s] Level 1:colcon.colcon_core.package_identification:_identify(src/teleop_serial) by extensions ['ros']
[0.380s] Level 1:colcon.colcon_core.package_identification:_identify(src/teleop_serial) by extension 'ros'
[0.383s] DEBUG:colcon.colcon_core.package_identification:Package 'src/teleop_serial' with type 'ros.ament_python' and name 'teleop_serial'
[0.384s] Level 1:colcon.colcon_core.package_discovery:discover_packages(recursive) using defaults
[0.384s] Level 1:colcon.colcon_core.package_discovery:discover_packages(ignore) discover
[0.384s] Level 1:colcon.colcon_core.package_discovery:discover_packages(ignore) using defaults
[0.384s] Level 1:colcon.colcon_core.package_discovery:discover_packages(path) discover
[0.384s] Level 1:colcon.colcon_core.package_discovery:discover_packages(path) using defaults
[0.410s] Level 1:colcon.colcon_core.package_discovery:discover_packages(prefix_path) check parameters
[0.410s] Level 1:colcon.colcon_core.package_discovery:discover_packages(prefix_path) discover
[0.412s] DEBUG:colcon.colcon_installed_package_information.package_discovery:Found 1 installed packages in /home/sierra-95/Documents/motor_control/ros_ws/install
[0.415s] DEBUG:colcon.colcon_installed_package_information.package_discovery:Found 293 installed packages in /opt/ros/humble
[0.430s] Level 1:colcon.colcon_core.package_discovery:discover_packages(prefix_path) using defaults
[0.481s] Level 5:colcon.colcon_core.verb:set package 'teleop_serial' build argument 'cmake_args' from command line to 'None'
[0.481s] Level 5:colcon.colcon_core.verb:set package 'teleop_serial' build argument 'cmake_target' from command line to 'None'
[0.481s] Level 5:colcon.colcon_core.verb:set package 'teleop_serial' build argument 'cmake_target_skip_unavailable' from command line to 'False'
[0.481s] Level 5:colcon.colcon_core.verb:set package 'teleop_serial' build argument 'cmake_clean_cache' from command line to 'False'
[0.481s] Level 5:colcon.colcon_core.verb:set package 'teleop_serial' build argument 'cmake_clean_first' from command line to 'False'
[0.481s] Level 5:colcon.colcon_core.verb:set package 'teleop_serial' build argument 'cmake_force_configure' from command line to 'False'
[0.482s] Level 5:colcon.colcon_core.verb:set package 'teleop_serial' build argument 'ament_cmake_args' from command line to 'None'
[0.482s] Level 5:colcon.colcon_core.verb:set package 'teleop_serial' build argument 'catkin_cmake_args' from command line to 'None'
[0.482s] Level 5:colcon.colcon_core.verb:set package 'teleop_serial' build argument 'catkin_skip_building_tests' from command line to 'False'
[0.482s] DEBUG:colcon.colcon_core.verb:Building package 'teleop_serial' with the following arguments: {'ament_cmake_args': None, 'build_base': '/home/sierra-95/Documents/motor_control/ros_ws/build/teleop_serial', 'catkin_cmake_args': None, 'catkin_skip_building_tests': False, 'cmake_args': None, 'cmake_clean_cache': False, 'cmake_clean_first': False, 'cmake_force_configure': False, 'cmake_target': None, 'cmake_target_skip_unavailable': False, 'install_base': '/home/sierra-95/Documents/motor_control/ros_ws/install/teleop_serial', 'merge_install': False, 'path': '/home/sierra-95/Documents/motor_control/ros_ws/src/teleop_serial', 'symlink_install': False, 'test_result_base': None}
[0.482s] INFO:colcon.colcon_core.executor:Executing jobs using 'parallel' executor
[0.483s] DEBUG:colcon.colcon_parallel_executor.executor.parallel:run_until_complete
[0.483s] INFO:colcon.colcon_ros.task.ament_python.build:Building ROS package in '/home/sierra-95/Documents/motor_control/ros_ws/src/teleop_serial' with build type 'ament_python'
[0.484s] Level 1:colcon.colcon_core.shell:create_environment_hook('teleop_serial', 'ament_prefix_path')
[0.487s] INFO:colcon.colcon_core.plugin_system:Skipping extension 'colcon_core.shell.bat': Not used on non-Windows systems
[0.487s] INFO:colcon.colcon_core.shell:Creating environment hook '/home/sierra-95/Documents/motor_control/ros_ws/install/teleop_serial/share/teleop_serial/hook/ament_prefix_path.ps1'
[0.488s] INFO:colcon.colcon_core.shell:Creating environment descriptor '/home/sierra-95/Documents/motor_control/ros_ws/install/teleop_serial/share/teleop_serial/hook/ament_prefix_path.dsv'
[0.488s] INFO:colcon.colcon_core.shell:Creating environment hook '/home/sierra-95/Documents/motor_control/ros_ws/install/teleop_serial/share/teleop_serial/hook/ament_prefix_path.sh'
[0.490s] INFO:colcon.colcon_core.shell:Skip shell extension 'powershell' for command environment: Not usable outside of PowerShell
[0.490s] DEBUG:colcon.colcon_core.shell:Skip shell extension 'dsv' for command environment
[0.868s] INFO:colcon.colcon_core.task.python.build:Building Python package in '/home/sierra-95/Documents/motor_control/ros_ws/src/teleop_serial'
[0.868s] INFO:colcon.colcon_core.shell:Skip shell extension 'powershell' for command environment: Not usable outside of PowerShell
[0.868s] DEBUG:colcon.colcon_core.shell:Skip shell extension 'dsv' for command environment
[1.400s] DEBUG:colcon.colcon_core.event_handler.log_command:Invoking command in '/home/sierra-95/Documents/motor_control/ros_ws/src/teleop_serial': PYTHONPATH=/home/sierra-95/Documents/motor_control/ros_ws/build/teleop_serial/prefix_override:/usr/lib/python3/dist-packages/colcon_core/task/python/colcon_distutils_commands:/home/sierra-95/Documents/motor_control/ros_ws/install/teleop_serial/lib/python3.10/site-packages:${PYTHONPATH} /usr/bin/python3 -W ignore:setup.py install is deprecated -W ignore:easy_install command is deprecated setup.py egg_info --egg-base ../../build/teleop_serial build --build-base /home/sierra-95/Documents/motor_control/ros_ws/build/teleop_serial/build install --record /home/sierra-95/Documents/motor_control/ros_ws/build/teleop_serial/install.log --single-version-externally-managed install_data
[1.815s] DEBUG:colcon.colcon_core.event_handler.log_command:Invoked command in '/home/sierra-95/Documents/motor_control/ros_ws/src/teleop_serial' returned '0': PYTHONPATH=/home/sierra-95/Documents/motor_control/ros_ws/build/teleop_serial/prefix_override:/usr/lib/python3/dist-packages/colcon_core/task/python/colcon_distutils_commands:/home/sierra-95/Documents/motor_control/ros_ws/install/teleop_serial/lib/python3.10/site-packages:${PYTHONPATH} /usr/bin/python3 -W ignore:setup.py install is deprecated -W ignore:easy_install command is deprecated setup.py egg_info --egg-base ../../build/teleop_serial build --build-base /home/sierra-95/Documents/motor_control/ros_ws/build/teleop_serial/build install --record /home/sierra-95/Documents/motor_control/ros_ws/build/teleop_serial/install.log --single-version-externally-managed install_data
[1.819s] Level 1:colcon.colcon_core.environment:checking '/home/sierra-95/Documents/motor_control/ros_ws/install/teleop_serial' for CMake module files
[1.819s] Level 1:colcon.colcon_core.environment:checking '/home/sierra-95/Documents/motor_control/ros_ws/install/teleop_serial' for CMake config files
[1.820s] Level 1:colcon.colcon_core.environment:checking '/home/sierra-95/Documents/motor_control/ros_ws/install/teleop_serial/lib'
[1.820s] Level 1:colcon.colcon_core.environment:checking '/home/sierra-95/Documents/motor_control/ros_ws/install/teleop_serial/bin'
[1.821s] Level 1:colcon.colcon_core.environment:checking '/home/sierra-95/Documents/motor_control/ros_ws/install/teleop_serial/lib/pkgconfig/teleop_serial.pc'
[1.821s] Level 1:colcon.colcon_core.environment:checking '/home/sierra-95/Documents/motor_control/ros_ws/install/teleop_serial/lib/python3.10/site-packages'
[1.821s] Level 1:colcon.colcon_core.shell:create_environment_hook('teleop_serial', 'pythonpath')
[1.821s] INFO:colcon.colcon_core.shell:Creating environment hook '/home/sierra-95/Documents/motor_control/ros_ws/install/teleop_serial/share/teleop_serial/hook/pythonpath.ps1'
[1.822s] INFO:colcon.colcon_core.shell:Creating environment descriptor '/home/sierra-95/Documents/motor_control/ros_ws/install/teleop_serial/share/teleop_serial/hook/pythonpath.dsv'
[1.823s] INFO:colcon.colcon_core.shell:Creating environment hook '/home/sierra-95/Documents/motor_control/ros_ws/install/teleop_serial/share/teleop_serial/hook/pythonpath.sh'
[1.823s] Level 1:colcon.colcon_core.environment:checking '/home/sierra-95/Documents/motor_control/ros_ws/install/teleop_serial/bin'
[1.823s] Level 1:colcon.colcon_core.environment:create_environment_scripts_only(teleop_serial)
[1.824s] INFO:colcon.colcon_core.shell:Creating package script '/home/sierra-95/Documents/motor_control/ros_ws/install/teleop_serial/share/teleop_serial/package.ps1'
[1.825s] INFO:colcon.colcon_core.shell:Creating package descriptor '/home/sierra-95/Documents/motor_control/ros_ws/install/teleop_serial/share/teleop_serial/package.dsv'
[1.825s] INFO:colcon.colcon_core.shell:Creating package script '/home/sierra-95/Documents/motor_control/ros_ws/install/teleop_serial/share/teleop_serial/package.sh'
[1.826s] INFO:colcon.colcon_core.shell:Creating package script '/home/sierra-95/Documents/motor_control/ros_ws/install/teleop_serial/share/teleop_serial/package.bash'
[1.827s] INFO:colcon.colcon_core.shell:Creating package script '/home/sierra-95/Documents/motor_control/ros_ws/install/teleop_serial/share/teleop_serial/package.zsh'
[1.828s] Level 1:colcon.colcon_core.environment:create_file_with_runtime_dependencies(/home/sierra-95/Documents/motor_control/ros_ws/install/teleop_serial/share/colcon-core/packages/teleop_serial)
[1.829s] DEBUG:colcon.colcon_parallel_executor.executor.parallel:closing loop
[1.829s] DEBUG:colcon.colcon_parallel_executor.executor.parallel:loop closed
[1.829s] DEBUG:colcon.colcon_parallel_executor.executor.parallel:run_until_complete finished with '0'
[1.829s] DEBUG:colcon.colcon_core.event_reactor:joining thread
[1.838s] INFO:colcon.colcon_core.plugin_system:Skipping extension 'colcon_notification.desktop_notification.terminal_notifier': Not used on non-Darwin systems
[1.838s] INFO:colcon.colcon_core.plugin_system:Skipping extension 'colcon_notification.desktop_notification.win32': Not used on non-Windows systems
[1.838s] INFO:colcon.colcon_notification.desktop_notification:Sending desktop notification using 'notify2'
[1.854s] DEBUG:colcon.colcon_core.event_reactor:joined thread
[1.854s] INFO:colcon.colcon_core.shell:Creating prefix script '/home/sierra-95/Documents/motor_control/ros_ws/install/local_setup.ps1'
[1.857s] INFO:colcon.colcon_core.shell:Creating prefix util module '/home/sierra-95/Documents/motor_control/ros_ws/install/_local_setup_util_ps1.py'
[1.860s] INFO:colcon.colcon_core.shell:Creating prefix chain script '/home/sierra-95/Documents/motor_control/ros_ws/install/setup.ps1'
[1.862s] INFO:colcon.colcon_core.shell:Creating prefix script '/home/sierra-95/Documents/motor_control/ros_ws/install/local_setup.sh'
[1.862s] INFO:colcon.colcon_core.shell:Creating prefix util module '/home/sierra-95/Documents/motor_control/ros_ws/install/_local_setup_util_sh.py'
[1.863s] INFO:colcon.colcon_core.shell:Creating prefix chain script '/home/sierra-95/Documents/motor_control/ros_ws/install/setup.sh'
[1.865s] INFO:colcon.colcon_core.shell:Creating prefix script '/home/sierra-95/Documents/motor_control/ros_ws/install/local_setup.bash'
[1.866s] INFO:colcon.colcon_core.shell:Creating prefix chain script '/home/sierra-95/Documents/motor_control/ros_ws/install/setup.bash'
[1.869s] INFO:colcon.colcon_core.shell:Creating prefix script '/home/sierra-95/Documents/motor_control/ros_ws/install/local_setup.zsh'
[1.870s] INFO:colcon.colcon_core.shell:Creating prefix chain script '/home/sierra-95/Documents/motor_control/ros_ws/install/setup.zsh'
