running egg_info
writing ../build/agv_control/agv_control.egg-info/PKG-INFO
writing dependency_links to ../build/agv_control/agv_control.egg-info/dependency_links.txt
writing entry points to ../build/agv_control/agv_control.egg-info/entry_points.txt
writing requirements to ../build/agv_control/agv_control.egg-info/requires.txt
writing top-level names to ../build/agv_control/agv_control.egg-info/top_level.txt
reading manifest file '../build/agv_control/agv_control.egg-info/SOURCES.txt'
writing manifest file '../build/agv_control/agv_control.egg-info/SOURCES.txt'
running build
running build_py
copying agv_control/serial_node.py -> /home/sierra-95/Documents/motor_control/Serial/Motion_V2/ros_ws/build/agv_control/build/lib/agv_control
running install
running install_lib
copying /home/sierra-95/Documents/motor_control/Serial/Motion_V2/ros_ws/build/agv_control/build/lib/agv_control/serial_node.py -> /home/sierra-95/Documents/motor_control/Serial/Motion_V2/ros_ws/install/agv_control/lib/python3.10/site-packages/agv_control
byte-compiling /home/sierra-95/Documents/motor_control/Serial/Motion_V2/ros_ws/install/agv_control/lib/python3.10/site-packages/agv_control/serial_node.py to serial_node.cpython-310.pyc
running install_data
running install_egg_info
removing '/home/sierra-95/Documents/motor_control/Serial/Motion_V2/ros_ws/install/agv_control/lib/python3.10/site-packages/agv_control-0.0.0-py3.10.egg-info' (and everything under it)
Copying ../build/agv_control/agv_control.egg-info to /home/sierra-95/Documents/motor_control/Serial/Motion_V2/ros_ws/install/agv_control/lib/python3.10/site-packages/agv_control-0.0.0-py3.10.egg-info
running install_scripts
Installing keyboard_teleop script to /home/sierra-95/Documents/motor_control/Serial/Motion_V2/ros_ws/install/agv_control/lib/agv_control
Installing serial_node script to /home/sierra-95/Documents/motor_control/Serial/Motion_V2/ros_ws/install/agv_control/lib/agv_control
writing list of installed files to '/home/sierra-95/Documents/motor_control/Serial/Motion_V2/ros_ws/build/agv_control/install.log'
