[1.173s] Invoking command in '/home/sierra-95/Documents/motor_control/Serial/Motion_V2/ros_ws/agv_control': PYTHONPATH=/home/sierra-95/Documents/motor_control/Serial/Motion_V2/ros_ws/build/agv_control/prefix_override:/usr/lib/python3/dist-packages/colcon_core/task/python/colcon_distutils_commands:/home/sierra-95/Documents/motor_control/Serial/Motion_V2/ros_ws/install/agv_control/lib/python3.10/site-packages:${PYTHONPATH} /usr/bin/python3 -W ignore:setup.py install is deprecated -W ignore:easy_install command is deprecated setup.py egg_info --egg-base ../build/agv_control build --build-base /home/sierra-95/Documents/motor_control/Serial/Motion_V2/ros_ws/build/agv_control/build install --record /home/sierra-95/Documents/motor_control/Serial/Motion_V2/ros_ws/build/agv_control/install.log --single-version-externally-managed install_data
[1.562s] running egg_info
[1.563s] creating ../build/agv_control/agv_control.egg-info
[1.563s] writing ../build/agv_control/agv_control.egg-info/PKG-INFO
[1.563s] writing dependency_links to ../build/agv_control/agv_control.egg-info/dependency_links.txt
[1.564s] writing entry points to ../build/agv_control/agv_control.egg-info/entry_points.txt
[1.564s] writing requirements to ../build/agv_control/agv_control.egg-info/requires.txt
[1.565s] writing top-level names to ../build/agv_control/agv_control.egg-info/top_level.txt
[1.565s] writing manifest file '../build/agv_control/agv_control.egg-info/SOURCES.txt'
[1.567s] reading manifest file '../build/agv_control/agv_control.egg-info/SOURCES.txt'
[1.568s] writing manifest file '../build/agv_control/agv_control.egg-info/SOURCES.txt'
[1.569s] running build
[1.569s] running build_py
[1.569s] creating /home/sierra-95/Documents/motor_control/Serial/Motion_V2/ros_ws/build/agv_control/build
[1.569s] creating /home/sierra-95/Documents/motor_control/Serial/Motion_V2/ros_ws/build/agv_control/build/lib
[1.569s] creating /home/sierra-95/Documents/motor_control/Serial/Motion_V2/ros_ws/build/agv_control/build/lib/agv_control
[1.569s] copying agv_control/serial_node.py -> /home/sierra-95/Documents/motor_control/Serial/Motion_V2/ros_ws/build/agv_control/build/lib/agv_control
[1.570s] copying agv_control/teleop_keyboard.py -> /home/sierra-95/Documents/motor_control/Serial/Motion_V2/ros_ws/build/agv_control/build/lib/agv_control
[1.570s] copying agv_control/__init__.py -> /home/sierra-95/Documents/motor_control/Serial/Motion_V2/ros_ws/build/agv_control/build/lib/agv_control
[1.570s] running install
[1.570s] running install_lib
[1.571s] creating /home/sierra-95/Documents/motor_control/Serial/Motion_V2/ros_ws/install/agv_control/lib/python3.10/site-packages/agv_control
[1.572s] copying /home/sierra-95/Documents/motor_control/Serial/Motion_V2/ros_ws/build/agv_control/build/lib/agv_control/serial_node.py -> /home/sierra-95/Documents/motor_control/Serial/Motion_V2/ros_ws/install/agv_control/lib/python3.10/site-packages/agv_control
[1.572s] copying /home/sierra-95/Documents/motor_control/Serial/Motion_V2/ros_ws/build/agv_control/build/lib/agv_control/teleop_keyboard.py -> /home/sierra-95/Documents/motor_control/Serial/Motion_V2/ros_ws/install/agv_control/lib/python3.10/site-packages/agv_control
[1.572s] copying /home/sierra-95/Documents/motor_control/Serial/Motion_V2/ros_ws/build/agv_control/build/lib/agv_control/__init__.py -> /home/sierra-95/Documents/motor_control/Serial/Motion_V2/ros_ws/install/agv_control/lib/python3.10/site-packages/agv_control
[1.573s] byte-compiling /home/sierra-95/Documents/motor_control/Serial/Motion_V2/ros_ws/install/agv_control/lib/python3.10/site-packages/agv_control/serial_node.py to serial_node.cpython-310.pyc
[1.574s] byte-compiling /home/sierra-95/Documents/motor_control/Serial/Motion_V2/ros_ws/install/agv_control/lib/python3.10/site-packages/agv_control/teleop_keyboard.py to teleop_keyboard.cpython-310.pyc
[1.575s] byte-compiling /home/sierra-95/Documents/motor_control/Serial/Motion_V2/ros_ws/install/agv_control/lib/python3.10/site-packages/agv_control/__init__.py to __init__.cpython-310.pyc
[1.576s] running install_data
[1.576s] creating /home/sierra-95/Documents/motor_control/Serial/Motion_V2/ros_ws/install/agv_control/share/ament_index
[1.577s] creating /home/sierra-95/Documents/motor_control/Serial/Motion_V2/ros_ws/install/agv_control/share/ament_index/resource_index
[1.577s] creating /home/sierra-95/Documents/motor_control/Serial/Motion_V2/ros_ws/install/agv_control/share/ament_index/resource_index/packages
[1.577s] copying resource/agv_control -> /home/sierra-95/Documents/motor_control/Serial/Motion_V2/ros_ws/install/agv_control/share/ament_index/resource_index/packages
[1.577s] copying package.xml -> /home/sierra-95/Documents/motor_control/Serial/Motion_V2/ros_ws/install/agv_control/share/agv_control
[1.577s] running install_egg_info
[1.579s] Copying ../build/agv_control/agv_control.egg-info to /home/sierra-95/Documents/motor_control/Serial/Motion_V2/ros_ws/install/agv_control/lib/python3.10/site-packages/agv_control-0.0.0-py3.10.egg-info
[1.581s] running install_scripts
[1.610s] Installing keyboard_teleop script to /home/sierra-95/Documents/motor_control/Serial/Motion_V2/ros_ws/install/agv_control/lib/agv_control
[1.611s] Installing teleop_serial script to /home/sierra-95/Documents/motor_control/Serial/Motion_V2/ros_ws/install/agv_control/lib/agv_control
[1.611s] writing list of installed files to '/home/sierra-95/Documents/motor_control/Serial/Motion_V2/ros_ws/build/agv_control/install.log'
[1.658s] Invoked command in '/home/sierra-95/Documents/motor_control/Serial/Motion_V2/ros_ws/agv_control' returned '0': PYTHONPATH=/home/sierra-95/Documents/motor_control/Serial/Motion_V2/ros_ws/build/agv_control/prefix_override:/usr/lib/python3/dist-packages/colcon_core/task/python/colcon_distutils_commands:/home/sierra-95/Documents/motor_control/Serial/Motion_V2/ros_ws/install/agv_control/lib/python3.10/site-packages:${PYTHONPATH} /usr/bin/python3 -W ignore:setup.py install is deprecated -W ignore:easy_install command is deprecated setup.py egg_info --egg-base ../build/agv_control build --build-base /home/sierra-95/Documents/motor_control/Serial/Motion_V2/ros_ws/build/agv_control/build install --record /home/sierra-95/Documents/motor_control/Serial/Motion_V2/ros_ws/build/agv_control/install.log --single-version-externally-managed install_data
