[1.432s] Invoking command in '/home/sierra-95/Documents/motor_control/Serial/Motion_V1/ros_ws/src/teleop_serial': PYTHONPATH=/home/sierra-95/Documents/motor_control/Serial/Motion_V1/ros_ws/build/teleop_serial/prefix_override:/usr/lib/python3/dist-packages/colcon_core/task/python/colcon_distutils_commands:/home/sierra-95/Documents/motor_control/Serial/Motion_V1/ros_ws/install/teleop_serial/lib/python3.10/site-packages:${PYTHONPATH} /usr/bin/python3 -W ignore:setup.py install is deprecated -W ignore:easy_install command is deprecated setup.py egg_info --egg-base ../../build/teleop_serial build --build-base /home/sierra-95/Documents/motor_control/Serial/Motion_V1/ros_ws/build/teleop_serial/build install --record /home/sierra-95/Documents/motor_control/Serial/Motion_V1/ros_ws/build/teleop_serial/install.log --single-version-externally-managed install_data
[1.926s] running egg_info
[1.927s] creating ../../build/teleop_serial/teleop_serial.egg-info
[1.928s] writing ../../build/teleop_serial/teleop_serial.egg-info/PKG-INFO
[1.928s] writing dependency_links to ../../build/teleop_serial/teleop_serial.egg-info/dependency_links.txt
[1.928s] writing entry points to ../../build/teleop_serial/teleop_serial.egg-info/entry_points.txt
[1.929s] writing requirements to ../../build/teleop_serial/teleop_serial.egg-info/requires.txt
[1.929s] writing top-level names to ../../build/teleop_serial/teleop_serial.egg-info/top_level.txt
[1.929s] writing manifest file '../../build/teleop_serial/teleop_serial.egg-info/SOURCES.txt'
[1.934s] reading manifest file '../../build/teleop_serial/teleop_serial.egg-info/SOURCES.txt'
[1.937s] writing manifest file '../../build/teleop_serial/teleop_serial.egg-info/SOURCES.txt'
[1.937s] running build
[1.939s] running build_py
[1.939s] creating /home/sierra-95/Documents/motor_control/Serial/Motion_V1/ros_ws/build/teleop_serial/build
[1.940s] creating /home/sierra-95/Documents/motor_control/Serial/Motion_V1/ros_ws/build/teleop_serial/build/lib
[1.940s] creating /home/sierra-95/Documents/motor_control/Serial/Motion_V1/ros_ws/build/teleop_serial/build/lib/teleop_serial
[1.940s] copying teleop_serial/teleop_node.py -> /home/sierra-95/Documents/motor_control/Serial/Motion_V1/ros_ws/build/teleop_serial/build/lib/teleop_serial
[1.940s] copying teleop_serial/__init__.py -> /home/sierra-95/Documents/motor_control/Serial/Motion_V1/ros_ws/build/teleop_serial/build/lib/teleop_serial
[1.941s] running install
[1.943s] running install_lib
[1.946s] creating /home/sierra-95/Documents/motor_control/Serial/Motion_V1/ros_ws/install/teleop_serial/lib/python3.10/site-packages/teleop_serial
[1.946s] copying /home/sierra-95/Documents/motor_control/Serial/Motion_V1/ros_ws/build/teleop_serial/build/lib/teleop_serial/teleop_node.py -> /home/sierra-95/Documents/motor_control/Serial/Motion_V1/ros_ws/install/teleop_serial/lib/python3.10/site-packages/teleop_serial
[1.946s] copying /home/sierra-95/Documents/motor_control/Serial/Motion_V1/ros_ws/build/teleop_serial/build/lib/teleop_serial/__init__.py -> /home/sierra-95/Documents/motor_control/Serial/Motion_V1/ros_ws/install/teleop_serial/lib/python3.10/site-packages/teleop_serial
[1.947s] byte-compiling /home/sierra-95/Documents/motor_control/Serial/Motion_V1/ros_ws/install/teleop_serial/lib/python3.10/site-packages/teleop_serial/teleop_node.py to teleop_node.cpython-310.pyc
[1.948s] byte-compiling /home/sierra-95/Documents/motor_control/Serial/Motion_V1/ros_ws/install/teleop_serial/lib/python3.10/site-packages/teleop_serial/__init__.py to __init__.cpython-310.pyc
[1.948s] running install_data
[1.949s] creating /home/sierra-95/Documents/motor_control/Serial/Motion_V1/ros_ws/install/teleop_serial/share/ament_index
[1.949s] creating /home/sierra-95/Documents/motor_control/Serial/Motion_V1/ros_ws/install/teleop_serial/share/ament_index/resource_index
[1.949s] creating /home/sierra-95/Documents/motor_control/Serial/Motion_V1/ros_ws/install/teleop_serial/share/ament_index/resource_index/packages
[1.949s] copying resource/teleop_serial -> /home/sierra-95/Documents/motor_control/Serial/Motion_V1/ros_ws/install/teleop_serial/share/ament_index/resource_index/packages
[1.949s] copying package.xml -> /home/sierra-95/Documents/motor_control/Serial/Motion_V1/ros_ws/install/teleop_serial/share/teleop_serial
[1.949s] running install_egg_info
[1.952s] Copying ../../build/teleop_serial/teleop_serial.egg-info to /home/sierra-95/Documents/motor_control/Serial/Motion_V1/ros_ws/install/teleop_serial/lib/python3.10/site-packages/teleop_serial-0.0.0-py3.10.egg-info
[1.957s] running install_scripts
[1.989s] Installing teleop_serial script to /home/sierra-95/Documents/motor_control/Serial/Motion_V1/ros_ws/install/teleop_serial/lib/teleop_serial
[1.989s] writing list of installed files to '/home/sierra-95/Documents/motor_control/Serial/Motion_V1/ros_ws/build/teleop_serial/install.log'
[2.033s] Invoked command in '/home/sierra-95/Documents/motor_control/Serial/Motion_V1/ros_ws/src/teleop_serial' returned '0': PYTHONPATH=/home/sierra-95/Documents/motor_control/Serial/Motion_V1/ros_ws/build/teleop_serial/prefix_override:/usr/lib/python3/dist-packages/colcon_core/task/python/colcon_distutils_commands:/home/sierra-95/Documents/motor_control/Serial/Motion_V1/ros_ws/install/teleop_serial/lib/python3.10/site-packages:${PYTHONPATH} /usr/bin/python3 -W ignore:setup.py install is deprecated -W ignore:easy_install command is deprecated setup.py egg_info --egg-base ../../build/teleop_serial build --build-base /home/sierra-95/Documents/motor_control/Serial/Motion_V1/ros_ws/build/teleop_serial/build install --record /home/sierra-95/Documents/motor_control/Serial/Motion_V1/ros_ws/build/teleop_serial/install.log --single-version-externally-managed install_data
