running egg_info
creating ../../build/teleop_serial/teleop_serial.egg-info
writing ../../build/teleop_serial/teleop_serial.egg-info/PKG-INFO
writing dependency_links to ../../build/teleop_serial/teleop_serial.egg-info/dependency_links.txt
writing entry points to ../../build/teleop_serial/teleop_serial.egg-info/entry_points.txt
writing requirements to ../../build/teleop_serial/teleop_serial.egg-info/requires.txt
writing top-level names to ../../build/teleop_serial/teleop_serial.egg-info/top_level.txt
writing manifest file '../../build/teleop_serial/teleop_serial.egg-info/SOURCES.txt'
reading manifest file '../../build/teleop_serial/teleop_serial.egg-info/SOURCES.txt'
writing manifest file '../../build/teleop_serial/teleop_serial.egg-info/SOURCES.txt'
running build
running build_py
creating /home/sierra-95/Documents/motor_control/ros_ws/build/teleop_serial/build
creating /home/sierra-95/Documents/motor_control/ros_ws/build/teleop_serial/build/lib
creating /home/sierra-95/Documents/motor_control/ros_ws/build/teleop_serial/build/lib/teleop_serial
copying teleop_serial/teleop_node.py -> /home/sierra-95/Documents/motor_control/ros_ws/build/teleop_serial/build/lib/teleop_serial
copying teleop_serial/__init__.py -> /home/sierra-95/Documents/motor_control/ros_ws/build/teleop_serial/build/lib/teleop_serial
running install
running install_lib
creating /home/sierra-95/Documents/motor_control/ros_ws/install/teleop_serial/lib/python3.10/site-packages/teleop_serial
copying /home/sierra-95/Documents/motor_control/ros_ws/build/teleop_serial/build/lib/teleop_serial/teleop_node.py -> /home/sierra-95/Documents/motor_control/ros_ws/install/teleop_serial/lib/python3.10/site-packages/teleop_serial
copying /home/sierra-95/Documents/motor_control/ros_ws/build/teleop_serial/build/lib/teleop_serial/__init__.py -> /home/sierra-95/Documents/motor_control/ros_ws/install/teleop_serial/lib/python3.10/site-packages/teleop_serial
byte-compiling /home/sierra-95/Documents/motor_control/ros_ws/install/teleop_serial/lib/python3.10/site-packages/teleop_serial/teleop_node.py to teleop_node.cpython-310.pyc
byte-compiling /home/sierra-95/Documents/motor_control/ros_ws/install/teleop_serial/lib/python3.10/site-packages/teleop_serial/__init__.py to __init__.cpython-310.pyc
running install_data
creating /home/sierra-95/Documents/motor_control/ros_ws/install/teleop_serial/share/ament_index
creating /home/sierra-95/Documents/motor_control/ros_ws/install/teleop_serial/share/ament_index/resource_index
creating /home/sierra-95/Documents/motor_control/ros_ws/install/teleop_serial/share/ament_index/resource_index/packages
copying resource/teleop_serial -> /home/sierra-95/Documents/motor_control/ros_ws/install/teleop_serial/share/ament_index/resource_index/packages
copying package.xml -> /home/sierra-95/Documents/motor_control/ros_ws/install/teleop_serial/share/teleop_serial
running install_egg_info
Copying ../../build/teleop_serial/teleop_serial.egg-info to /home/sierra-95/Documents/motor_control/ros_ws/install/teleop_serial/lib/python3.10/site-packages/teleop_serial-0.0.0-py3.10.egg-info
running install_scripts
Installing teleop_serial script to /home/sierra-95/Documents/motor_control/ros_ws/install/teleop_serial/lib/teleop_serial
writing list of installed files to '/home/sierra-95/Documents/motor_control/ros_ws/build/teleop_serial/install.log'
