[1.094s] Invoking command in '/home/sierra-95/Documents/motor_control/Serial/Motion_V2/ros_ws/agv_control': PYTHONPATH=/home/sierra-95/Documents/motor_control/Serial/Motion_V2/ros_ws/build/agv_control/prefix_override:/usr/lib/python3/dist-packages/colcon_core/task/python/colcon_distutils_commands:/home/sierra-95/Documents/motor_control/Serial/Motion_V2/ros_ws/install/agv_control/lib/python3.10/site-packages:${PYTHONPATH} /usr/bin/python3 -W ignore:setup.py install is deprecated -W ignore:easy_install command is deprecated setup.py egg_info --egg-base ../build/agv_control build --build-base /home/sierra-95/Documents/motor_control/Serial/Motion_V2/ros_ws/build/agv_control/build install --record /home/sierra-95/Documents/motor_control/Serial/Motion_V2/ros_ws/build/agv_control/install.log --single-version-externally-managed install_data
[1.477s] running egg_info
[1.478s] writing ../build/agv_control/agv_control.egg-info/PKG-INFO
[1.478s] writing dependency_links to ../build/agv_control/agv_control.egg-info/dependency_links.txt
[1.479s] writing entry points to ../build/agv_control/agv_control.egg-info/entry_points.txt
[1.479s] writing requirements to ../build/agv_control/agv_control.egg-info/requires.txt
[1.479s] writing top-level names to ../build/agv_control/agv_control.egg-info/top_level.txt
[1.482s] reading manifest file '../build/agv_control/agv_control.egg-info/SOURCES.txt'
[1.484s] writing manifest file '../build/agv_control/agv_control.egg-info/SOURCES.txt'
[1.484s] running build
[1.484s] running build_py
[1.484s] copying agv_control/serial_node.py -> /home/sierra-95/Documents/motor_control/Serial/Motion_V2/ros_ws/build/agv_control/build/lib/agv_control
[1.485s] running install
[1.485s] running install_lib
[1.487s] copying /home/sierra-95/Documents/motor_control/Serial/Motion_V2/ros_ws/build/agv_control/build/lib/agv_control/serial_node.py -> /home/sierra-95/Documents/motor_control/Serial/Motion_V2/ros_ws/install/agv_control/lib/python3.10/site-packages/agv_control
[1.488s] byte-compiling /home/sierra-95/Documents/motor_control/Serial/Motion_V2/ros_ws/install/agv_control/lib/python3.10/site-packages/agv_control/serial_node.py to serial_node.cpython-310.pyc
[1.490s] running install_data
[1.490s] running install_egg_info
[1.494s] removing '/home/sierra-95/Documents/motor_control/Serial/Motion_V2/ros_ws/install/agv_control/lib/python3.10/site-packages/agv_control-0.0.0-py3.10.egg-info' (and everything under it)
[1.495s] Copying ../build/agv_control/agv_control.egg-info to /home/sierra-95/Documents/motor_control/Serial/Motion_V2/ros_ws/install/agv_control/lib/python3.10/site-packages/agv_control-0.0.0-py3.10.egg-info
[1.496s] running install_scripts
[1.529s] Installing keyboard_teleop script to /home/sierra-95/Documents/motor_control/Serial/Motion_V2/ros_ws/install/agv_control/lib/agv_control
[1.530s] Installing serial_node script to /home/sierra-95/Documents/motor_control/Serial/Motion_V2/ros_ws/install/agv_control/lib/agv_control
[1.531s] writing list of installed files to '/home/sierra-95/Documents/motor_control/Serial/Motion_V2/ros_ws/build/agv_control/install.log'
[1.573s] Invoked command in '/home/sierra-95/Documents/motor_control/Serial/Motion_V2/ros_ws/agv_control' returned '0': PYTHONPATH=/home/sierra-95/Documents/motor_control/Serial/Motion_V2/ros_ws/build/agv_control/prefix_override:/usr/lib/python3/dist-packages/colcon_core/task/python/colcon_distutils_commands:/home/sierra-95/Documents/motor_control/Serial/Motion_V2/ros_ws/install/agv_control/lib/python3.10/site-packages:${PYTHONPATH} /usr/bin/python3 -W ignore:setup.py install is deprecated -W ignore:easy_install command is deprecated setup.py egg_info --egg-base ../build/agv_control build --build-base /home/sierra-95/Documents/motor_control/Serial/Motion_V2/ros_ws/build/agv_control/build install --record /home/sierra-95/Documents/motor_control/Serial/Motion_V2/ros_ws/build/agv_control/install.log --single-version-externally-managed install_data
