[2.255s] Invoking command in '/home/sierra-95/Documents/motor_control/Serial/Motion_V2/ros_ws/build/agv_control': PYTHONPATH=/home/sierra-95/Documents/motor_control/Serial/Motion_V2/ros_ws/build/agv_control/prefix_override:/usr/lib/python3/dist-packages/colcon_core/task/python/colcon_distutils_commands:/home/sierra-95/Documents/motor_control/Serial/Motion_V2/ros_ws/install/agv_control/lib/python3.10/site-packages:${PYTHONPATH} /usr/bin/python3 -W ignore:setup.py install is deprecated -W ignore:easy_install command is deprecated setup.py develop --uninstall --editable --build-directory /home/sierra-95/Documents/motor_control/Serial/Motion_V2/ros_ws/build/agv_control/build
[2.801s] running develop
[3.130s] Removing /home/sierra-95/Documents/motor_control/Serial/Motion_V2/ros_ws/install/agv_control/lib/python3.10/site-packages/agv-control.egg-link (link to .)
[3.195s] Invoked command in '/home/sierra-95/Documents/motor_control/Serial/Motion_V2/ros_ws/build/agv_control' returned '0': PYTHONPATH=/home/sierra-95/Documents/motor_control/Serial/Motion_V2/ros_ws/build/agv_control/prefix_override:/usr/lib/python3/dist-packages/colcon_core/task/python/colcon_distutils_commands:/home/sierra-95/Documents/motor_control/Serial/Motion_V2/ros_ws/install/agv_control/lib/python3.10/site-packages:${PYTHONPATH} /usr/bin/python3 -W ignore:setup.py install is deprecated -W ignore:easy_install command is deprecated setup.py develop --uninstall --editable --build-directory /home/sierra-95/Documents/motor_control/Serial/Motion_V2/ros_ws/build/agv_control/build
[3.198s] Invoking command in '/home/sierra-95/Documents/motor_control/Serial/Motion_V2/ros_ws/agv_control': PYTHONPATH=/home/sierra-95/Documents/motor_control/Serial/Motion_V2/ros_ws/build/agv_control/prefix_override:/usr/lib/python3/dist-packages/colcon_core/task/python/colcon_distutils_commands:/home/sierra-95/Documents/motor_control/Serial/Motion_V2/ros_ws/install/agv_control/lib/python3.10/site-packages:${PYTHONPATH} /usr/bin/python3 -W ignore:setup.py install is deprecated -W ignore:easy_install command is deprecated setup.py egg_info --egg-base ../build/agv_control build --build-base /home/sierra-95/Documents/motor_control/Serial/Motion_V2/ros_ws/build/agv_control/build install --record /home/sierra-95/Documents/motor_control/Serial/Motion_V2/ros_ws/build/agv_control/install.log --single-version-externally-managed install_data --force
[3.704s] running egg_info
[3.705s] writing ../build/agv_control/agv_control.egg-info/PKG-INFO
[3.705s] writing dependency_links to ../build/agv_control/agv_control.egg-info/dependency_links.txt
[3.705s] writing entry points to ../build/agv_control/agv_control.egg-info/entry_points.txt
[3.706s] writing requirements to ../build/agv_control/agv_control.egg-info/requires.txt
[3.706s] writing top-level names to ../build/agv_control/agv_control.egg-info/top_level.txt
[3.709s] reading manifest file '../build/agv_control/agv_control.egg-info/SOURCES.txt'
[3.711s] writing manifest file '../build/agv_control/agv_control.egg-info/SOURCES.txt'
[3.711s] running build
[3.711s] running build_py
[3.711s] copying agv_control/serial_node.py -> /home/sierra-95/Documents/motor_control/Serial/Motion_V2/ros_ws/build/agv_control/build/lib/agv_control
[3.712s] running install
[3.712s] running install_lib
[3.713s] creating /home/sierra-95/Documents/motor_control/Serial/Motion_V2/ros_ws/install/agv_control/lib/python3.10/site-packages/agv_control
[3.714s] copying /home/sierra-95/Documents/motor_control/Serial/Motion_V2/ros_ws/build/agv_control/build/lib/agv_control/serial_node.py -> /home/sierra-95/Documents/motor_control/Serial/Motion_V2/ros_ws/install/agv_control/lib/python3.10/site-packages/agv_control
[3.714s] copying /home/sierra-95/Documents/motor_control/Serial/Motion_V2/ros_ws/build/agv_control/build/lib/agv_control/teleop_keyboard.py -> /home/sierra-95/Documents/motor_control/Serial/Motion_V2/ros_ws/install/agv_control/lib/python3.10/site-packages/agv_control
[3.714s] copying /home/sierra-95/Documents/motor_control/Serial/Motion_V2/ros_ws/build/agv_control/build/lib/agv_control/__init__.py -> /home/sierra-95/Documents/motor_control/Serial/Motion_V2/ros_ws/install/agv_control/lib/python3.10/site-packages/agv_control
[3.715s] byte-compiling /home/sierra-95/Documents/motor_control/Serial/Motion_V2/ros_ws/install/agv_control/lib/python3.10/site-packages/agv_control/serial_node.py to serial_node.cpython-310.pyc
[3.715s] byte-compiling /home/sierra-95/Documents/motor_control/Serial/Motion_V2/ros_ws/install/agv_control/lib/python3.10/site-packages/agv_control/teleop_keyboard.py to teleop_keyboard.cpython-310.pyc
[3.716s] byte-compiling /home/sierra-95/Documents/motor_control/Serial/Motion_V2/ros_ws/install/agv_control/lib/python3.10/site-packages/agv_control/__init__.py to __init__.cpython-310.pyc
[3.717s] running install_data
[3.717s] copying resource/agv_control -> /home/sierra-95/Documents/motor_control/Serial/Motion_V2/ros_ws/install/agv_control/share/ament_index/resource_index/packages
[3.717s] copying package.xml -> /home/sierra-95/Documents/motor_control/Serial/Motion_V2/ros_ws/install/agv_control/share/agv_control
[3.717s] copying launch/agv_launch.py -> /home/sierra-95/Documents/motor_control/Serial/Motion_V2/ros_ws/install/agv_control/share/agv_control/launch
[3.717s] running install_egg_info
[3.722s] Copying ../build/agv_control/agv_control.egg-info to /home/sierra-95/Documents/motor_control/Serial/Motion_V2/ros_ws/install/agv_control/lib/python3.10/site-packages/agv_control-0.0.0-py3.10.egg-info
[3.724s] running install_scripts
[3.779s] Installing keyboard_teleop script to /home/sierra-95/Documents/motor_control/Serial/Motion_V2/ros_ws/install/agv_control/lib/agv_control
[3.780s] Installing serial_node script to /home/sierra-95/Documents/motor_control/Serial/Motion_V2/ros_ws/install/agv_control/lib/agv_control
[3.780s] writing list of installed files to '/home/sierra-95/Documents/motor_control/Serial/Motion_V2/ros_ws/build/agv_control/install.log'
[3.812s] Invoked command in '/home/sierra-95/Documents/motor_control/Serial/Motion_V2/ros_ws/agv_control' returned '0': PYTHONPATH=/home/sierra-95/Documents/motor_control/Serial/Motion_V2/ros_ws/build/agv_control/prefix_override:/usr/lib/python3/dist-packages/colcon_core/task/python/colcon_distutils_commands:/home/sierra-95/Documents/motor_control/Serial/Motion_V2/ros_ws/install/agv_control/lib/python3.10/site-packages:${PYTHONPATH} /usr/bin/python3 -W ignore:setup.py install is deprecated -W ignore:easy_install command is deprecated setup.py egg_info --egg-base ../build/agv_control build --build-base /home/sierra-95/Documents/motor_control/Serial/Motion_V2/ros_ws/build/agv_control/build install --record /home/sierra-95/Documents/motor_control/Serial/Motion_V2/ros_ws/build/agv_control/install.log --single-version-externally-managed install_data --force
