running egg_info
writing ../../build/teleop_serial/teleop_serial.egg-info/PKG-INFO
writing dependency_links to ../../build/teleop_serial/teleop_serial.egg-info/dependency_links.txt
writing entry points to ../../build/teleop_serial/teleop_serial.egg-info/entry_points.txt
writing requirements to ../../build/teleop_serial/teleop_serial.egg-info/requires.txt
writing top-level names to ../../build/teleop_serial/teleop_serial.egg-info/top_level.txt
reading manifest file '../../build/teleop_serial/teleop_serial.egg-info/SOURCES.txt'
writing manifest file '../../build/teleop_serial/teleop_serial.egg-info/SOURCES.txt'
running build
running build_py
copying teleop_serial/teleop_node.py -> /home/sierra-95/Documents/motor_control/ros_ws/build/teleop_serial/build/lib/teleop_serial
running install
running install_lib
copying /home/sierra-95/Documents/motor_control/ros_ws/build/teleop_serial/build/lib/teleop_serial/teleop_node.py -> /home/sierra-95/Documents/motor_control/ros_ws/install/teleop_serial/lib/python3.10/site-packages/teleop_serial
byte-compiling /home/sierra-95/Documents/motor_control/ros_ws/install/teleop_serial/lib/python3.10/site-packages/teleop_serial/teleop_node.py to teleop_node.cpython-310.pyc
running install_data
running install_egg_info
removing '/home/sierra-95/Documents/motor_control/ros_ws/install/teleop_serial/lib/python3.10/site-packages/teleop_serial-0.0.0-py3.10.egg-info' (and everything under it)
Copying ../../build/teleop_serial/teleop_serial.egg-info to /home/sierra-95/Documents/motor_control/ros_ws/install/teleop_serial/lib/python3.10/site-packages/teleop_serial-0.0.0-py3.10.egg-info
running install_scripts
Installing teleop_serial script to /home/sierra-95/Documents/motor_control/ros_ws/install/teleop_serial/lib/teleop_serial
writing list of installed files to '/home/sierra-95/Documents/motor_control/ros_ws/build/teleop_serial/install.log'
