[1.159s] Invoking command in '/home/sierra-95/Documents/motor_control/Serial/Motion_V2/ros_ws/agv_control': PYTHONPATH=/home/sierra-95/Documents/motor_control/Serial/Motion_V2/ros_ws/build/agv_control/prefix_override:/usr/lib/python3/dist-packages/colcon_core/task/python/colcon_distutils_commands:/home/sierra-95/Documents/motor_control/Serial/Motion_V2/ros_ws/install/agv_control/lib/python3.10/site-packages:${PYTHONPATH} /usr/bin/python3 -W ignore:setup.py install is deprecated -W ignore:easy_install command is deprecated setup.py egg_info --egg-base ../build/agv_control build --build-base /home/sierra-95/Documents/motor_control/Serial/Motion_V2/ros_ws/build/agv_control/build install --record /home/sierra-95/Documents/motor_control/Serial/Motion_V2/ros_ws/build/agv_control/install.log --single-version-externally-managed install_data
[1.522s] running egg_info
[1.523s] writing ../build/agv_control/agv_control.egg-info/PKG-INFO
[1.523s] writing dependency_links to ../build/agv_control/agv_control.egg-info/dependency_links.txt
[1.523s] writing entry points to ../build/agv_control/agv_control.egg-info/entry_points.txt
[1.524s] writing requirements to ../build/agv_control/agv_control.egg-info/requires.txt
[1.524s] writing top-level names to ../build/agv_control/agv_control.egg-info/top_level.txt
[1.530s] reading manifest file '../build/agv_control/agv_control.egg-info/SOURCES.txt'
[1.534s] writing manifest file '../build/agv_control/agv_control.egg-info/SOURCES.txt'
[1.535s] running build
[1.535s] running build_py
[1.535s] copying agv_control/serial_node.py -> /home/sierra-95/Documents/motor_control/Serial/Motion_V2/ros_ws/build/agv_control/build/lib/agv_control
[1.535s] running install
[1.536s] running install_lib
[1.537s] copying /home/sierra-95/Documents/motor_control/Serial/Motion_V2/ros_ws/build/agv_control/build/lib/agv_control/serial_node.py -> /home/sierra-95/Documents/motor_control/Serial/Motion_V2/ros_ws/install/agv_control/lib/python3.10/site-packages/agv_control
[1.538s] byte-compiling /home/sierra-95/Documents/motor_control/Serial/Motion_V2/ros_ws/install/agv_control/lib/python3.10/site-packages/agv_control/serial_node.py to serial_node.cpython-310.pyc
[1.540s] running install_data
[1.540s] copying launch/agv_launch.py -> /home/sierra-95/Documents/motor_control/Serial/Motion_V2/ros_ws/install/agv_control/share/agv_control/launch
[1.540s] running install_egg_info
[1.545s] removing '/home/sierra-95/Documents/motor_control/Serial/Motion_V2/ros_ws/install/agv_control/lib/python3.10/site-packages/agv_control-0.0.0-py3.10.egg-info' (and everything under it)
[1.545s] Copying ../build/agv_control/agv_control.egg-info to /home/sierra-95/Documents/motor_control/Serial/Motion_V2/ros_ws/install/agv_control/lib/python3.10/site-packages/agv_control-0.0.0-py3.10.egg-info
[1.547s] running install_scripts
[1.579s] Installing keyboard_teleop script to /home/sierra-95/Documents/motor_control/Serial/Motion_V2/ros_ws/install/agv_control/lib/agv_control
[1.579s] Installing serial_node script to /home/sierra-95/Documents/motor_control/Serial/Motion_V2/ros_ws/install/agv_control/lib/agv_control
[1.580s] writing list of installed files to '/home/sierra-95/Documents/motor_control/Serial/Motion_V2/ros_ws/build/agv_control/install.log'
[1.614s] Invoked command in '/home/sierra-95/Documents/motor_control/Serial/Motion_V2/ros_ws/agv_control' returned '0': PYTHONPATH=/home/sierra-95/Documents/motor_control/Serial/Motion_V2/ros_ws/build/agv_control/prefix_override:/usr/lib/python3/dist-packages/colcon_core/task/python/colcon_distutils_commands:/home/sierra-95/Documents/motor_control/Serial/Motion_V2/ros_ws/install/agv_control/lib/python3.10/site-packages:${PYTHONPATH} /usr/bin/python3 -W ignore:setup.py install is deprecated -W ignore:easy_install command is deprecated setup.py egg_info --egg-base ../build/agv_control build --build-base /home/sierra-95/Documents/motor_control/Serial/Motion_V2/ros_ws/build/agv_control/build install --record /home/sierra-95/Documents/motor_control/Serial/Motion_V2/ros_ws/build/agv_control/install.log --single-version-externally-managed install_data
