[1.002s] Invoking command in '/home/sierra-95/Documents/motor_control/ros_ws/src/teleop_serial': PYTHONPATH=/home/sierra-95/Documents/motor_control/ros_ws/build/teleop_serial/prefix_override:/usr/lib/python3/dist-packages/colcon_core/task/python/colcon_distutils_commands:/home/sierra-95/Documents/motor_control/ros_ws/install/teleop_serial/lib/python3.10/site-packages:${PYTHONPATH} /usr/bin/python3 -W ignore:setup.py install is deprecated -W ignore:easy_install command is deprecated setup.py egg_info --egg-base ../../build/teleop_serial build --build-base /home/sierra-95/Documents/motor_control/ros_ws/build/teleop_serial/build install --record /home/sierra-95/Documents/motor_control/ros_ws/build/teleop_serial/install.log --single-version-externally-managed install_data
[1.378s] running egg_info
[1.379s] writing ../../build/teleop_serial/teleop_serial.egg-info/PKG-INFO
[1.379s] writing dependency_links to ../../build/teleop_serial/teleop_serial.egg-info/dependency_links.txt
[1.379s] writing entry points to ../../build/teleop_serial/teleop_serial.egg-info/entry_points.txt
[1.380s] writing requirements to ../../build/teleop_serial/teleop_serial.egg-info/requires.txt
[1.380s] writing top-level names to ../../build/teleop_serial/teleop_serial.egg-info/top_level.txt
[1.383s] reading manifest file '../../build/teleop_serial/teleop_serial.egg-info/SOURCES.txt'
[1.384s] writing manifest file '../../build/teleop_serial/teleop_serial.egg-info/SOURCES.txt'
[1.384s] running build
[1.385s] running build_py
[1.385s] copying teleop_serial/teleop_node.py -> /home/sierra-95/Documents/motor_control/ros_ws/build/teleop_serial/build/lib/teleop_serial
[1.385s] running install
[1.386s] running install_lib
[1.387s] copying /home/sierra-95/Documents/motor_control/ros_ws/build/teleop_serial/build/lib/teleop_serial/teleop_node.py -> /home/sierra-95/Documents/motor_control/ros_ws/install/teleop_serial/lib/python3.10/site-packages/teleop_serial
[1.389s] byte-compiling /home/sierra-95/Documents/motor_control/ros_ws/install/teleop_serial/lib/python3.10/site-packages/teleop_serial/teleop_node.py to teleop_node.cpython-310.pyc
[1.390s] running install_data
[1.390s] running install_egg_info
[1.392s] removing '/home/sierra-95/Documents/motor_control/ros_ws/install/teleop_serial/lib/python3.10/site-packages/teleop_serial-0.0.0-py3.10.egg-info' (and everything under it)
[1.393s] Copying ../../build/teleop_serial/teleop_serial.egg-info to /home/sierra-95/Documents/motor_control/ros_ws/install/teleop_serial/lib/python3.10/site-packages/teleop_serial-0.0.0-py3.10.egg-info
[1.394s] running install_scripts
[1.431s] Installing teleop_serial script to /home/sierra-95/Documents/motor_control/ros_ws/install/teleop_serial/lib/teleop_serial
[1.432s] writing list of installed files to '/home/sierra-95/Documents/motor_control/ros_ws/build/teleop_serial/install.log'
[1.469s] Invoked command in '/home/sierra-95/Documents/motor_control/ros_ws/src/teleop_serial' returned '0': PYTHONPATH=/home/sierra-95/Documents/motor_control/ros_ws/build/teleop_serial/prefix_override:/usr/lib/python3/dist-packages/colcon_core/task/python/colcon_distutils_commands:/home/sierra-95/Documents/motor_control/ros_ws/install/teleop_serial/lib/python3.10/site-packages:${PYTHONPATH} /usr/bin/python3 -W ignore:setup.py install is deprecated -W ignore:easy_install command is deprecated setup.py egg_info --egg-base ../../build/teleop_serial build --build-base /home/sierra-95/Documents/motor_control/ros_ws/build/teleop_serial/build install --record /home/sierra-95/Documents/motor_control/ros_ws/build/teleop_serial/install.log --single-version-externally-managed install_data
