[0.143s] DEBUG:colcon:Command line arguments: ['/usr/bin/colcon', 'build', '--symlink-install']
[0.143s] DEBUG:colcon:Parsed command line arguments: Namespace(log_base=None, log_level=None, verb_name='build', build_base='build', install_base='install', merge_install=False, symlink_install=True, test_result_base=None, continue_on_error=False, executor='parallel', parallel_workers=4, event_handlers=None, ignore_user_meta=False, metas=['./colcon.meta'], base_paths=['.'], packages_ignore=None, packages_ignore_regex=None, paths=None, packages_up_to=None, packages_up_to_regex=None, packages_above=None, packages_above_and_dependencies=None, packages_above_depth=None, packages_select_by_dep=None, packages_skip_by_dep=None, packages_skip_up_to=None, packages_select_build_failed=False, packages_skip_build_finished=False, packages_select_test_failures=False, packages_skip_test_passed=False, packages_select=None, packages_skip=None, packages_select_regex=None, packages_skip_regex=None, packages_start=None, packages_end=None, allow_overriding=[], cmake_args=None, cmake_target=None, cmake_target_skip_unavailable=False, cmake_clean_cache=False, cmake_clean_first=False, cmake_force_configure=False, ament_cmake_args=None, catkin_cmake_args=None, catkin_skip_building_tests=False, verb_parser=<colcon_defaults.argument_parser.defaults.DefaultArgumentsDecorator object at 0x752c54240700>, verb_extension=<colcon_core.verb.build.BuildVerb object at 0x752c54240190>, main=<bound method BuildVerb.main of <colcon_core.verb.build.BuildVerb object at 0x752c54240190>>)
[0.355s] Level 1:colcon.colcon_core.package_discovery:discover_packages(colcon_meta) check parameters
[0.355s] Level 1:colcon.colcon_core.package_discovery:discover_packages(recursive) check parameters
[0.355s] Level 1:colcon.colcon_core.package_discovery:discover_packages(ignore) check parameters
[0.355s] Level 1:colcon.colcon_core.package_discovery:discover_packages(path) check parameters
[0.355s] Level 1:colcon.colcon_core.package_discovery:discover_packages(colcon_meta) discover
[0.355s] Level 1:colcon.colcon_core.package_discovery:discover_packages(recursive) discover
[0.355s] INFO:colcon.colcon_core.package_discovery:Crawling recursively for packages in '/home/sierra-95/Documents/motor_control/Serial/Motion_V2/ros_ws'
[0.355s] Level 1:colcon.colcon_core.package_identification:_identify(.) by extensions ['ignore', 'ignore_ament_install']
[0.355s] Level 1:colcon.colcon_core.package_identification:_identify(.) by extension 'ignore'
[0.355s] Level 1:colcon.colcon_core.package_identification:_identify(.) by extension 'ignore_ament_install'
[0.355s] Level 1:colcon.colcon_core.package_identification:_identify(.) by extensions ['colcon_pkg']
[0.355s] Level 1:colcon.colcon_core.package_identification:_identify(.) by extension 'colcon_pkg'
[0.355s] Level 1:colcon.colcon_core.package_identification:_identify(.) by extensions ['colcon_meta']
[0.355s] Level 1:colcon.colcon_core.package_identification:_identify(.) by extension 'colcon_meta'
[0.356s] Level 1:colcon.colcon_core.package_identification:_identify(.) by extensions ['ros']
[0.356s] Level 1:colcon.colcon_core.package_identification:_identify(.) by extension 'ros'
[0.369s] Level 1:colcon.colcon_core.package_identification:_identify(.) by extensions ['cmake', 'python']
[0.370s] Level 1:colcon.colcon_core.package_identification:_identify(.) by extension 'cmake'
[0.370s] Level 1:colcon.colcon_core.package_identification:_identify(.) by extension 'python'
[0.370s] Level 1:colcon.colcon_core.package_identification:_identify(.) by extensions ['python_setup_py']
[0.370s] Level 1:colcon.colcon_core.package_identification:_identify(.) by extension 'python_setup_py'
[0.370s] Level 1:colcon.colcon_core.package_identification:_identify(agv_control) by extensions ['ignore', 'ignore_ament_install']
[0.370s] Level 1:colcon.colcon_core.package_identification:_identify(agv_control) by extension 'ignore'
[0.370s] Level 1:colcon.colcon_core.package_identification:_identify(agv_control) by extension 'ignore_ament_install'
[0.370s] Level 1:colcon.colcon_core.package_identification:_identify(agv_control) by extensions ['colcon_pkg']
[0.370s] Level 1:colcon.colcon_core.package_identification:_identify(agv_control) by extension 'colcon_pkg'
[0.370s] Level 1:colcon.colcon_core.package_identification:_identify(agv_control) by extensions ['colcon_meta']
[0.370s] Level 1:colcon.colcon_core.package_identification:_identify(agv_control) by extension 'colcon_meta'
[0.370s] Level 1:colcon.colcon_core.package_identification:_identify(agv_control) by extensions ['ros']
[0.370s] Level 1:colcon.colcon_core.package_identification:_identify(agv_control) by extension 'ros'
[0.373s] DEBUG:colcon.colcon_core.package_identification:Package 'agv_control' with type 'ros.ament_python' and name 'agv_control'
[0.373s] Level 1:colcon.colcon_core.package_identification:_identify(build) by extensions ['ignore', 'ignore_ament_install']
[0.373s] Level 1:colcon.colcon_core.package_identification:_identify(build) by extension 'ignore'
[0.373s] Level 1:colcon.colcon_core.package_identification:_identify(build) ignored
[0.374s] Level 1:colcon.colcon_core.package_identification:_identify(install) by extensions ['ignore', 'ignore_ament_install']
[0.374s] Level 1:colcon.colcon_core.package_identification:_identify(install) by extension 'ignore'
[0.374s] Level 1:colcon.colcon_core.package_identification:_identify(install) ignored
[0.374s] Level 1:colcon.colcon_core.package_identification:_identify(log) by extensions ['ignore', 'ignore_ament_install']
[0.374s] Level 1:colcon.colcon_core.package_identification:_identify(log) by extension 'ignore'
[0.374s] Level 1:colcon.colcon_core.package_identification:_identify(log) ignored
[0.374s] Level 1:colcon.colcon_core.package_discovery:discover_packages(recursive) using defaults
[0.374s] Level 1:colcon.colcon_core.package_discovery:discover_packages(ignore) discover
[0.374s] Level 1:colcon.colcon_core.package_discovery:discover_packages(ignore) using defaults
[0.374s] Level 1:colcon.colcon_core.package_discovery:discover_packages(path) discover
[0.374s] Level 1:colcon.colcon_core.package_discovery:discover_packages(path) using defaults
[0.399s] Level 1:colcon.colcon_core.package_discovery:discover_packages(prefix_path) check parameters
[0.399s] Level 1:colcon.colcon_core.package_discovery:discover_packages(prefix_path) discover
[0.413s] DEBUG:colcon.colcon_installed_package_information.package_discovery:Found 1 installed packages in /home/sierra-95/Documents/motor_control/Serial/Motion_V2/ros_ws/install
[0.415s] DEBUG:colcon.colcon_installed_package_information.package_discovery:Found 294 installed packages in /opt/ros/humble
[0.417s] Level 1:colcon.colcon_core.package_discovery:discover_packages(prefix_path) using defaults
[0.470s] Level 5:colcon.colcon_core.verb:set package 'agv_control' build argument 'cmake_args' from command line to 'None'
[0.470s] Level 5:colcon.colcon_core.verb:set package 'agv_control' build argument 'cmake_target' from command line to 'None'
[0.470s] Level 5:colcon.colcon_core.verb:set package 'agv_control' build argument 'cmake_target_skip_unavailable' from command line to 'False'
[0.470s] Level 5:colcon.colcon_core.verb:set package 'agv_control' build argument 'cmake_clean_cache' from command line to 'False'
[0.470s] Level 5:colcon.colcon_core.verb:set package 'agv_control' build argument 'cmake_clean_first' from command line to 'False'
[0.470s] Level 5:colcon.colcon_core.verb:set package 'agv_control' build argument 'cmake_force_configure' from command line to 'False'
[0.470s] Level 5:colcon.colcon_core.verb:set package 'agv_control' build argument 'ament_cmake_args' from command line to 'None'
[0.470s] Level 5:colcon.colcon_core.verb:set package 'agv_control' build argument 'catkin_cmake_args' from command line to 'None'
[0.470s] Level 5:colcon.colcon_core.verb:set package 'agv_control' build argument 'catkin_skip_building_tests' from command line to 'False'
[0.470s] DEBUG:colcon.colcon_core.verb:Building package 'agv_control' with the following arguments: {'ament_cmake_args': None, 'build_base': '/home/sierra-95/Documents/motor_control/Serial/Motion_V2/ros_ws/build/agv_control', 'catkin_cmake_args': None, 'catkin_skip_building_tests': False, 'cmake_args': None, 'cmake_clean_cache': False, 'cmake_clean_first': False, 'cmake_force_configure': False, 'cmake_target': None, 'cmake_target_skip_unavailable': False, 'install_base': '/home/sierra-95/Documents/motor_control/Serial/Motion_V2/ros_ws/install/agv_control', 'merge_install': False, 'path': '/home/sierra-95/Documents/motor_control/Serial/Motion_V2/ros_ws/agv_control', 'symlink_install': True, 'test_result_base': None}
[0.470s] INFO:colcon.colcon_core.executor:Executing jobs using 'parallel' executor
[0.472s] DEBUG:colcon.colcon_parallel_executor.executor.parallel:run_until_complete
[0.472s] INFO:colcon.colcon_ros.task.ament_python.build:Building ROS package in '/home/sierra-95/Documents/motor_control/Serial/Motion_V2/ros_ws/agv_control' with build type 'ament_python'
[0.472s] Level 1:colcon.colcon_core.shell:create_environment_hook('agv_control', 'ament_prefix_path')
[0.475s] INFO:colcon.colcon_core.plugin_system:Skipping extension 'colcon_core.shell.bat': Not used on non-Windows systems
[0.475s] INFO:colcon.colcon_core.shell:Creating environment hook '/home/sierra-95/Documents/motor_control/Serial/Motion_V2/ros_ws/install/agv_control/share/agv_control/hook/ament_prefix_path.ps1'
[0.476s] INFO:colcon.colcon_core.shell:Creating environment descriptor '/home/sierra-95/Documents/motor_control/Serial/Motion_V2/ros_ws/install/agv_control/share/agv_control/hook/ament_prefix_path.dsv'
[0.477s] INFO:colcon.colcon_core.shell:Creating environment hook '/home/sierra-95/Documents/motor_control/Serial/Motion_V2/ros_ws/install/agv_control/share/agv_control/hook/ament_prefix_path.sh'
[0.479s] INFO:colcon.colcon_core.shell:Skip shell extension 'powershell' for command environment: Not usable outside of PowerShell
[0.479s] DEBUG:colcon.colcon_core.shell:Skip shell extension 'dsv' for command environment
[0.887s] INFO:colcon.colcon_core.task.python.build:Building Python package in '/home/sierra-95/Documents/motor_control/Serial/Motion_V2/ros_ws/agv_control'
[0.889s] INFO:colcon.colcon_core.shell:Skip shell extension 'powershell' for command environment: Not usable outside of PowerShell
[0.889s] DEBUG:colcon.colcon_core.shell:Skip shell extension 'dsv' for command environment
[1.435s] DEBUG:colcon.colcon_core.event_handler.log_command:Invoking command in '/home/sierra-95/Documents/motor_control/Serial/Motion_V2/ros_ws/build/agv_control': PYTHONPATH=/home/sierra-95/Documents/motor_control/Serial/Motion_V2/ros_ws/build/agv_control/prefix_override:/usr/lib/python3/dist-packages/colcon_core/task/python/colcon_distutils_commands:/home/sierra-95/Documents/motor_control/Serial/Motion_V2/ros_ws/install/agv_control/lib/python3.10/site-packages:${PYTHONPATH} /usr/bin/python3 -W ignore:setup.py install is deprecated -W ignore:easy_install command is deprecated setup.py develop --editable --build-directory /home/sierra-95/Documents/motor_control/Serial/Motion_V2/ros_ws/build/agv_control/build --no-deps symlink_data
[2.139s] Level 1:colcon.colcon_core.shell:create_environment_hook('agv_control', 'pythonpath_develop')
[2.139s] INFO:colcon.colcon_core.shell:Creating environment hook '/home/sierra-95/Documents/motor_control/Serial/Motion_V2/ros_ws/build/agv_control/share/agv_control/hook/pythonpath_develop.ps1'
[2.140s] DEBUG:colcon.colcon_core.event_handler.log_command:Invoked command in '/home/sierra-95/Documents/motor_control/Serial/Motion_V2/ros_ws/build/agv_control' returned '0': PYTHONPATH=/home/sierra-95/Documents/motor_control/Serial/Motion_V2/ros_ws/build/agv_control/prefix_override:/usr/lib/python3/dist-packages/colcon_core/task/python/colcon_distutils_commands:/home/sierra-95/Documents/motor_control/Serial/Motion_V2/ros_ws/install/agv_control/lib/python3.10/site-packages:${PYTHONPATH} /usr/bin/python3 -W ignore:setup.py install is deprecated -W ignore:easy_install command is deprecated setup.py develop --editable --build-directory /home/sierra-95/Documents/motor_control/Serial/Motion_V2/ros_ws/build/agv_control/build --no-deps symlink_data
[2.140s] INFO:colcon.colcon_core.shell:Creating environment descriptor '/home/sierra-95/Documents/motor_control/Serial/Motion_V2/ros_ws/build/agv_control/share/agv_control/hook/pythonpath_develop.dsv'
[2.141s] INFO:colcon.colcon_core.shell:Creating environment hook '/home/sierra-95/Documents/motor_control/Serial/Motion_V2/ros_ws/build/agv_control/share/agv_control/hook/pythonpath_develop.sh'
[2.145s] Level 1:colcon.colcon_core.environment:checking '/home/sierra-95/Documents/motor_control/Serial/Motion_V2/ros_ws/install/agv_control' for CMake module files
[2.145s] Level 1:colcon.colcon_core.environment:checking '/home/sierra-95/Documents/motor_control/Serial/Motion_V2/ros_ws/install/agv_control' for CMake config files
[2.146s] Level 1:colcon.colcon_core.environment:checking '/home/sierra-95/Documents/motor_control/Serial/Motion_V2/ros_ws/install/agv_control/lib'
[2.146s] Level 1:colcon.colcon_core.environment:checking '/home/sierra-95/Documents/motor_control/Serial/Motion_V2/ros_ws/install/agv_control/bin'
[2.146s] Level 1:colcon.colcon_core.environment:checking '/home/sierra-95/Documents/motor_control/Serial/Motion_V2/ros_ws/install/agv_control/lib/pkgconfig/agv_control.pc'
[2.147s] Level 1:colcon.colcon_core.environment:checking '/home/sierra-95/Documents/motor_control/Serial/Motion_V2/ros_ws/install/agv_control/lib/python3.10/site-packages'
[2.147s] Level 1:colcon.colcon_core.shell:create_environment_hook('agv_control', 'pythonpath')
[2.147s] INFO:colcon.colcon_core.shell:Creating environment hook '/home/sierra-95/Documents/motor_control/Serial/Motion_V2/ros_ws/install/agv_control/share/agv_control/hook/pythonpath.ps1'
[2.148s] INFO:colcon.colcon_core.shell:Creating environment descriptor '/home/sierra-95/Documents/motor_control/Serial/Motion_V2/ros_ws/install/agv_control/share/agv_control/hook/pythonpath.dsv'
[2.148s] INFO:colcon.colcon_core.shell:Creating environment hook '/home/sierra-95/Documents/motor_control/Serial/Motion_V2/ros_ws/install/agv_control/share/agv_control/hook/pythonpath.sh'
[2.149s] Level 1:colcon.colcon_core.environment:checking '/home/sierra-95/Documents/motor_control/Serial/Motion_V2/ros_ws/install/agv_control/bin'
[2.149s] Level 1:colcon.colcon_core.environment:create_environment_scripts_only(agv_control)
[2.149s] INFO:colcon.colcon_core.shell:Creating package script '/home/sierra-95/Documents/motor_control/Serial/Motion_V2/ros_ws/install/agv_control/share/agv_control/package.ps1'
[2.151s] INFO:colcon.colcon_core.shell:Creating package descriptor '/home/sierra-95/Documents/motor_control/Serial/Motion_V2/ros_ws/install/agv_control/share/agv_control/package.dsv'
[2.152s] INFO:colcon.colcon_core.shell:Creating package script '/home/sierra-95/Documents/motor_control/Serial/Motion_V2/ros_ws/install/agv_control/share/agv_control/package.sh'
[2.153s] INFO:colcon.colcon_core.shell:Creating package script '/home/sierra-95/Documents/motor_control/Serial/Motion_V2/ros_ws/install/agv_control/share/agv_control/package.bash'
[2.154s] INFO:colcon.colcon_core.shell:Creating package script '/home/sierra-95/Documents/motor_control/Serial/Motion_V2/ros_ws/install/agv_control/share/agv_control/package.zsh'
[2.154s] Level 1:colcon.colcon_core.environment:create_file_with_runtime_dependencies(/home/sierra-95/Documents/motor_control/Serial/Motion_V2/ros_ws/install/agv_control/share/colcon-core/packages/agv_control)
[2.155s] DEBUG:colcon.colcon_parallel_executor.executor.parallel:closing loop
[2.155s] DEBUG:colcon.colcon_parallel_executor.executor.parallel:loop closed
[2.155s] DEBUG:colcon.colcon_parallel_executor.executor.parallel:run_until_complete finished with '0'
[2.155s] DEBUG:colcon.colcon_core.event_reactor:joining thread
[2.162s] INFO:colcon.colcon_core.plugin_system:Skipping extension 'colcon_notification.desktop_notification.terminal_notifier': Not used on non-Darwin systems
[2.163s] INFO:colcon.colcon_core.plugin_system:Skipping extension 'colcon_notification.desktop_notification.win32': Not used on non-Windows systems
[2.163s] INFO:colcon.colcon_notification.desktop_notification:Sending desktop notification using 'notify2'
[2.188s] DEBUG:colcon.colcon_core.event_reactor:joined thread
[2.188s] INFO:colcon.colcon_core.shell:Creating prefix script '/home/sierra-95/Documents/motor_control/Serial/Motion_V2/ros_ws/install/local_setup.ps1'
[2.190s] INFO:colcon.colcon_core.shell:Creating prefix util module '/home/sierra-95/Documents/motor_control/Serial/Motion_V2/ros_ws/install/_local_setup_util_ps1.py'
[2.193s] INFO:colcon.colcon_core.shell:Creating prefix chain script '/home/sierra-95/Documents/motor_control/Serial/Motion_V2/ros_ws/install/setup.ps1'
[2.196s] INFO:colcon.colcon_core.shell:Creating prefix script '/home/sierra-95/Documents/motor_control/Serial/Motion_V2/ros_ws/install/local_setup.sh'
[2.197s] INFO:colcon.colcon_core.shell:Creating prefix util module '/home/sierra-95/Documents/motor_control/Serial/Motion_V2/ros_ws/install/_local_setup_util_sh.py'
[2.198s] INFO:colcon.colcon_core.shell:Creating prefix chain script '/home/sierra-95/Documents/motor_control/Serial/Motion_V2/ros_ws/install/setup.sh'
[2.199s] INFO:colcon.colcon_core.shell:Creating prefix script '/home/sierra-95/Documents/motor_control/Serial/Motion_V2/ros_ws/install/local_setup.bash'
[2.200s] INFO:colcon.colcon_core.shell:Creating prefix chain script '/home/sierra-95/Documents/motor_control/Serial/Motion_V2/ros_ws/install/setup.bash'
[2.202s] INFO:colcon.colcon_core.shell:Creating prefix script '/home/sierra-95/Documents/motor_control/Serial/Motion_V2/ros_ws/install/local_setup.zsh'
[2.203s] INFO:colcon.colcon_core.shell:Creating prefix chain script '/home/sierra-95/Documents/motor_control/Serial/Motion_V2/ros_ws/install/setup.zsh'
